TIME(s)            COMM             Namespace    Syscall
4343.487742000     sh               2815da12e7f6 read
4343.487751000     sh               2815da12e7f6 poll
4343.487754000     sh               2815da12e7f6 read
4343.487756000     sh               2815da12e7f6 poll
4343.487758000     sh               2815da12e7f6 read
4343.487769000     sh               2815da12e7f6 writev
4343.487775000     sh               2815da12e7f6 poll
4343.771925000     sh               2815da12e7f6 read
4343.771946000     sh               2815da12e7f6 writev
4343.771958000     sh               2815da12e7f6 ioctl
4343.771964000     sh               2815da12e7f6 rt_sigaction
4343.771980000     sh               2815da12e7f6 rt_sigprocmask
4343.771984000     sh               2815da12e7f6 fork
4343.772077000     sh               2815da12e7f6 rt_sigprocmask
4343.772081000     sh               2815da12e7f6 setpgid
4343.772098000     sh               2815da12e7f6 wait4
4343.772114000     ls               2815da12e7f6 gettid
4343.772127000     ls               2815da12e7f6 rt_sigprocmask
4343.772149000     ls               2815da12e7f6 getpid
4343.772150000     ls               2815da12e7f6 setpgid
4343.772155000     ls               2815da12e7f6 ioctl
4343.772163000     ls               2815da12e7f6 rt_sigaction
4343.772165000     ls               2815da12e7f6 rt_sigaction
4343.772166000     ls               2815da12e7f6 rt_sigaction
4343.772168000     ls               2815da12e7f6 rt_sigaction
4343.772169000     ls               2815da12e7f6 rt_sigaction
4343.772178000     ls               2815da12e7f6 execve
4343.772352000     ls               2815da12e7f6 arch_prctl
4343.772355000     ls               2815da12e7f6 set_tid_address
4343.772381000     ls               2815da12e7f6 mprotect
4343.772448000     ls               2815da12e7f6 mprotect
4343.772465000     ls               2815da12e7f6 getuid
4343.772480000     ls               2815da12e7f6 ioctl
4343.772489000     ls               2815da12e7f6 ioctl
4343.772490000     ls               2815da12e7f6 ioctl
4343.772508000     ls               2815da12e7f6 open
4343.772519000     ls               2815da12e7f6 fcntl
4343.772523000     ls               2815da12e7f6 getdents64
4343.772618000     ls               2815da12e7f6 getdents64
4343.772622000     ls               2815da12e7f6 close
4343.772642000     ls               2815da12e7f6 ioctl
4343.772644000     ls               2815da12e7f6 writev
4343.772654000     ls               2815da12e7f6 writev
4343.772663000     ls               2815da12e7f6 exit_group
4343.772727000     sh               2815da12e7f6 rt_sigreturn
4343.772731000     sh               2815da12e7f6 ioctl
4343.772736000     sh               2815da12e7f6 wait4
4343.772751000     sh               2815da12e7f6 ioctl
4343.772755000     sh               2815da12e7f6 ioctl
4343.772760000     sh               2815da12e7f6 geteuid
4343.772763000     sh               2815da12e7f6 open
4343.772771000     sh               2815da12e7f6 fcntl
4343.772773000     sh               2815da12e7f6 fcntl
4343.772776000     sh               2815da12e7f6 read
4343.772783000     sh               2815da12e7f6 lseek
4343.772786000     sh               2815da12e7f6 close
4343.772790000     sh               2815da12e7f6 ioctl
4343.772794000     sh               2815da12e7f6 getcwd
4343.772798000     sh               2815da12e7f6 geteuid
4343.772801000     sh               2815da12e7f6 poll
4343.772804000     sh               2815da12e7f6 writev
4343.772808000     sh               2815da12e7f6 rt_sigaction
4343.772810000     sh               2815da12e7f6 poll
4343.789974000     sh               2815da12e7f6 read
4343.789982000     sh               2815da12e7f6 poll
4343.789984000     sh               2815da12e7f6 read
4343.789987000     sh               2815da12e7f6 poll
4343.789989000     sh               2815da12e7f6 read
4343.789991000     sh               2815da12e7f6 poll
4343.789993000     sh               2815da12e7f6 read
4343.789995000     sh               2815da12e7f6 poll
4343.789997000     sh               2815da12e7f6 read
4343.789999000     sh               2815da12e7f6 poll
4343.790001000     sh               2815da12e7f6 read
4343.790003000     sh               2815da12e7f6 poll
4343.790005000     sh               2815da12e7f6 read
4343.790009000     sh               2815da12e7f6 poll
4345.124200000     sh               2815da12e7f6 read
4345.124215000     sh               2815da12e7f6 writev
4345.124222000     sh               2815da12e7f6 poll
4345.571847000     sh               2815da12e7f6 read
4345.571860000     sh               2815da12e7f6 writev
4345.571867000     sh               2815da12e7f6 poll
4345.819641000     sh               2815da12e7f6 read
4345.819663000     sh               2815da12e7f6 writev
4345.819670000     sh               2815da12e7f6 poll
4345.988185000     sh               2815da12e7f6 read
4345.988198000     sh               2815da12e7f6 writev
4345.988204000     sh               2815da12e7f6 poll
4346.100472000     sh               2815da12e7f6 read
4346.100484000     sh               2815da12e7f6 writev
4346.100491000     sh               2815da12e7f6 poll
4346.203932000     sh               2815da12e7f6 read
4346.203945000     sh               2815da12e7f6 writev
4346.203951000     sh               2815da12e7f6 poll
4346.363871000     sh               2815da12e7f6 read
4346.363889000     sh               2815da12e7f6 open
4346.363906000     sh               2815da12e7f6 open
4346.363926000     sh               2815da12e7f6 fcntl
4346.363932000     sh               2815da12e7f6 getdents64
4346.363948000     sh               2815da12e7f6 getdents64
4346.363952000     sh               2815da12e7f6 close
4346.363958000     sh               2815da12e7f6 open
4346.363966000     sh               2815da12e7f6 fcntl
4346.363967000     sh               2815da12e7f6 getdents64
4346.363982000     sh               2815da12e7f6 getdents64
4346.363984000     sh               2815da12e7f6 close
4346.363988000     sh               2815da12e7f6 open
4346.363995000     sh               2815da12e7f6 fcntl
4346.363997000     sh               2815da12e7f6 getdents64
4346.364043000     sh               2815da12e7f6 getdents64
4346.364078000     sh               2815da12e7f6 getdents64
4346.364081000     sh               2815da12e7f6 getdents64
4346.364084000     sh               2815da12e7f6 close
4346.364094000     sh               2815da12e7f6 open
4346.364100000     sh               2815da12e7f6 fcntl
4346.364102000     sh               2815da12e7f6 getdents64
4346.364128000     sh               2815da12e7f6 getdents64
4346.364131000     sh               2815da12e7f6 close
4346.364136000     sh               2815da12e7f6 open
4346.364142000     sh               2815da12e7f6 fcntl
4346.364143000     sh               2815da12e7f6 getdents64
4346.364173000     sh               2815da12e7f6 getdents64
4346.364177000     sh               2815da12e7f6 getdents64
4346.364179000     sh               2815da12e7f6 close
4346.364193000     sh               2815da12e7f6 writev
4346.364202000     sh               2815da12e7f6 poll
4346.780066000     sh               2815da12e7f6 read
4346.780082000     sh               2815da12e7f6 writev
4346.780099000     sh               2815da12e7f6 open
4346.780136000     sh               2815da12e7f6 lseek
4346.780141000     sh               2815da12e7f6 write
4346.780185000     sh               2815da12e7f6 close
4346.780197000     sh               2815da12e7f6 ioctl
4346.780206000     sh               2815da12e7f6 rt_sigaction
4346.780262000     sh               2815da12e7f6 rt_sigprocmask
4346.780268000     sh               2815da12e7f6 fork
4346.780373000     sh               2815da12e7f6 rt_sigprocmask
4346.780379000     sh               2815da12e7f6 setpgid
4346.780409000     sh               2815da12e7f6 wait4
4346.780432000     whoami           2815da12e7f6 gettid
4346.780446000     whoami           2815da12e7f6 rt_sigprocmask
4346.780475000     whoami           2815da12e7f6 getpid
4346.780478000     whoami           2815da12e7f6 setpgid
4346.780487000     whoami           2815da12e7f6 ioctl
4346.780498000     whoami           2815da12e7f6 rt_sigaction
4346.780501000     whoami           2815da12e7f6 rt_sigaction
4346.780504000     whoami           2815da12e7f6 rt_sigaction
4346.780506000     whoami           2815da12e7f6 rt_sigaction
4346.780508000     whoami           2815da12e7f6 rt_sigaction
4346.780520000     whoami           2815da12e7f6 execve
4346.780752000     whoami           2815da12e7f6 arch_prctl
4346.780757000     whoami           2815da12e7f6 set_tid_address
4346.780795000     whoami           2815da12e7f6 mprotect
4346.780894000     whoami           2815da12e7f6 mprotect
4346.780919000     whoami           2815da12e7f6 getuid
4346.780933000     whoami           2815da12e7f6 geteuid
4346.780944000     whoami           2815da12e7f6 open
4346.780960000     whoami           2815da12e7f6 fcntl
4346.780964000     whoami           2815da12e7f6 fcntl
4346.780967000     whoami           2815da12e7f6 read
4346.780982000     whoami           2815da12e7f6 lseek
4346.780986000     whoami           2815da12e7f6 close
4346.780994000     whoami           2815da12e7f6 ioctl
4346.780997000     whoami           2815da12e7f6 writev
4346.781010000     whoami           2815da12e7f6 exit_group
4346.781115000     sh               2815da12e7f6 rt_sigreturn
4346.781122000     sh               2815da12e7f6 ioctl
4346.781132000     sh               2815da12e7f6 wait4
4346.781152000     sh               2815da12e7f6 ioctl
4346.781160000     sh               2815da12e7f6 ioctl
4346.781165000     sh               2815da12e7f6 geteuid
4346.781169000     sh               2815da12e7f6 open
4346.781182000     sh               2815da12e7f6 fcntl
4346.781184000     sh               2815da12e7f6 fcntl
4346.781188000     sh               2815da12e7f6 read
4346.781196000     sh               2815da12e7f6 lseek
4346.781200000     sh               2815da12e7f6 close
4346.781206000     sh               2815da12e7f6 ioctl
4346.781213000     sh               2815da12e7f6 getcwd
4346.781217000     sh               2815da12e7f6 geteuid
4346.781222000     sh               2815da12e7f6 poll
4346.781227000     sh               2815da12e7f6 writev
4346.781460000     sh               2815da12e7f6 rt_sigaction
4346.781465000     sh               2815da12e7f6 poll
4346.796628000     sh               2815da12e7f6 read
4346.796635000     sh               2815da12e7f6 poll
4346.796637000     sh               2815da12e7f6 read
4346.796640000     sh               2815da12e7f6 poll
4346.796642000     sh               2815da12e7f6 read
4346.796644000     sh               2815da12e7f6 poll
4346.796645000     sh               2815da12e7f6 read
4346.796648000     sh               2815da12e7f6 poll
4346.796649000     sh               2815da12e7f6 read
4346.796651000     sh               2815da12e7f6 poll
4346.796653000     sh               2815da12e7f6 read
4346.796657000     sh               2815da12e7f6 poll
